#
# There is insufficient memory for the Java Runtime Environment to continue.
# Native memory allocation (malloc) failed to allocate 652976 bytes for Chunk::new
# Possible reasons:
#   The system is out of physical RAM or swap space
#   The process is running with CompressedOops enabled, and the Java Heap may be blocking the growth of the native heap
# Possible solutions:
#   Reduce memory load on the system
#   Increase physical memory or swap space
#   Check if swap backing store is full
#   Decrease Java heap size (-Xmx/-Xms)
#   Decrease number of Java threads
#   Decrease Java thread stack sizes (-Xss)
#   Set larger code cache with -XX:ReservedCodeCacheSize=
#   JVM is running with Zero Based Compressed Oops mode in which the Java heap is
#     placed in the first 32GB address space. The Java Heap base address is the
#     maximum limit for the native heap growth. Please use -XX:HeapBaseMinAddress
#     to set the Java Heap base and to place the Java Heap above 32GB virtual address.
# This output file may be truncated or incomplete.
#
#  Out of Memory Error (arena.cpp:189), pid=18812, tid=13380
#
# JRE version: OpenJDK Runtime Environment (17.0.6) (build 17.0.6+0-b2043.56-10027231)
# Java VM: OpenJDK 64-Bit Server VM (17.0.6+0-b2043.56-10027231, mixed mode, tiered, compressed oops, compressed class ptrs, g1 gc, windows-amd64)
# No core dump will be written. Minidumps are not enabled by default on client versions of Windows
#

---------------  S U M M A R Y ------------

Command Line: org.jetbrains.kotlin.cli.jvm.K2JVMCompiler @C:\Users\lgy15\AndroidStudioProjects\SAS_EamployeeManagement\SAS_ArtistManagement\app\build\20231022_18353973003147958548.compiler.options

Host: 11th Gen Intel(R) Core(TM) i5-1155G7 @ 2.50GHz, 8 cores, 15G,  Windows 10 , 64 bit Build 19041 (10.0.19041.3570)
Time: Sun Oct 22 18:44:52 2023  Windows 10 , 64 bit Build 19041 (10.0.19041.3570) elapsed time: 13.332507 seconds (0d 0h 0m 13s)

---------------  T H R E A D  ---------------

Current thread (0x0000015d148e4290):  JavaThread "C2 CompilerThread1" daemon [_thread_in_native, id=13380, stack(0x00000047ea700000,0x00000047ea800000)]


Current CompileTask:
C2:  13332 13436       4       org.jetbrains.kotlin.com.intellij.util.keyFMap.PairElementsFMap::plus (300 bytes)

Stack: [0x00000047ea700000,0x00000047ea800000]
Native frames: (J=compiled Java code, j=interpreted, Vv=VM code, C=native code)
V  [jvm.dll+0x683c9a]
V  [jvm.dll+0x8427a4]
V  [jvm.dll+0x843f9e]
V  [jvm.dll+0x844603]
V  [jvm.dll+0x249b75]
V  [jvm.dll+0xabcac]
V  [jvm.dll+0xac27c]
V  [jvm.dll+0x368857]
V  [jvm.dll+0x332f31]
V  [jvm.dll+0x3323da]
V  [jvm.dll+0x21c201]
V  [jvm.dll+0x21b621]
V  [jvm.dll+0x1a4fdd]
V  [jvm.dll+0x22b098]
V  [jvm.dll+0x229159]
V  [jvm.dll+0x7f81ec]
V  [jvm.dll+0x7f274a]
V  [jvm.dll+0x682ad5]
C  [ucrtbase.dll+0x21bb2]
C  [KERNEL32.DLL+0x17344]
C  [ntdll.dll+0x526b1]


---------------  P R O C E S S  ---------------

Threads class SMR info:
_java_thread_list=0x0000015d155d4c70, length=14, elements={
0x0000015d729a7c00, 0x0000015d11c63260, 0x0000015d11c1a1f0, 0x0000015d11c9f4a0,
0x0000015d11c9ff60, 0x0000015d11ca4930, 0x0000015d11ca52e0, 0x0000015d11ca6070,
0x0000015d11ca6b10, 0x0000015d11ca7500, 0x0000015d11e2f150, 0x0000015d11e3fec0,
0x0000015d148e4290, 0x0000015d14c7aff0
}

Java Threads: ( => current thread )
  0x0000015d729a7c00 JavaThread "main" [_thread_in_Java, id=20648, stack(0x00000047e9400000,0x00000047e9500000)]
  0x0000015d11c63260 JavaThread "Reference Handler" daemon [_thread_blocked, id=276, stack(0x00000047e9b00000,0x00000047e9c00000)]
  0x0000015d11c1a1f0 JavaThread "Finalizer" daemon [_thread_blocked, id=24640, stack(0x00000047e9c00000,0x00000047e9d00000)]
  0x0000015d11c9f4a0 JavaThread "Signal Dispatcher" daemon [_thread_blocked, id=17748, stack(0x00000047e9d00000,0x00000047e9e00000)]
  0x0000015d11c9ff60 JavaThread "Attach Listener" daemon [_thread_blocked, id=23644, stack(0x00000047e9e00000,0x00000047e9f00000)]
  0x0000015d11ca4930 JavaThread "Service Thread" daemon [_thread_blocked, id=4020, stack(0x00000047e9f00000,0x00000047ea000000)]
  0x0000015d11ca52e0 JavaThread "Monitor Deflation Thread" daemon [_thread_blocked, id=9180, stack(0x00000047ea000000,0x00000047ea100000)]
  0x0000015d11ca6070 JavaThread "C2 CompilerThread0" daemon [_thread_in_native, id=20708, stack(0x00000047ea100000,0x00000047ea200000)]
  0x0000015d11ca6b10 JavaThread "C1 CompilerThread0" daemon [_thread_in_native, id=24592, stack(0x00000047ea200000,0x00000047ea300000)]
  0x0000015d11ca7500 JavaThread "Sweeper thread" daemon [_thread_blocked, id=10384, stack(0x00000047ea300000,0x00000047ea400000)]
  0x0000015d11e2f150 JavaThread "Notification Thread" daemon [_thread_blocked, id=9652, stack(0x00000047ea400000,0x00000047ea500000)]
  0x0000015d11e3fec0 JavaThread "Common-Cleaner" daemon [_thread_blocked, id=17484, stack(0x00000047ea600000,0x00000047ea700000)]
=>0x0000015d148e4290 JavaThread "C2 CompilerThread1" daemon [_thread_in_native, id=13380, stack(0x00000047ea700000,0x00000047ea800000)]
  0x0000015d14c7aff0 JavaThread "C2 CompilerThread2" daemon [_thread_in_native, id=20380, stack(0x00000047eb000000,0x00000047eb100000)]

Other Threads:
  0x0000015d111d32a0 VMThread "VM Thread" [stack: 0x00000047e9a00000,0x00000047e9b00000] [id=4456]
  0x0000015d11e2f620 WatcherThread [stack: 0x00000047ea500000,0x00000047ea600000] [id=13056]
  0x0000015d72a190c0 GCTaskThread "GC Thread#0" [stack: 0x00000047e9500000,0x00000047e9600000] [id=23824]
  0x0000015d12356f00 GCTaskThread "GC Thread#1" [stack: 0x00000047ea800000,0x00000047ea900000] [id=14160]
  0x0000015d12362060 GCTaskThread "GC Thread#2" [stack: 0x00000047ea900000,0x00000047eaa00000] [id=23508]
  0x0000015d1236e850 GCTaskThread "GC Thread#3" [stack: 0x00000047eaa00000,0x00000047eab00000] [id=19520]
  0x0000015d1236f310 GCTaskThread "GC Thread#4" [stack: 0x00000047eab00000,0x00000047eac00000] [id=7416]
  0x0000015d1236ffe0 GCTaskThread "GC Thread#5" [stack: 0x00000047eac00000,0x00000047ead00000] [id=22916]
  0x0000015d1261b520 GCTaskThread "GC Thread#6" [stack: 0x00000047ead00000,0x00000047eae00000] [id=17440]
  0x0000015d1261afc0 GCTaskThread "GC Thread#7" [stack: 0x00000047eae00000,0x00000047eaf00000] [id=8316]
  0x0000015d72a29bc0 ConcurrentGCThread "G1 Main Marker" [stack: 0x00000047e9600000,0x00000047e9700000] [id=14852]
  0x0000015d72a2ad70 ConcurrentGCThread "G1 Conc#0" [stack: 0x00000047e9700000,0x00000047e9800000] [id=18264]
  0x0000015d1261c7f0 ConcurrentGCThread "G1 Conc#1" [stack: 0x00000047eaf00000,0x00000047eb000000] [id=8808]
  0x0000015d72a7e980 ConcurrentGCThread "G1 Refine#0" [stack: 0x00000047e9800000,0x00000047e9900000] [id=21400]
  0x0000015d14e04690 ConcurrentGCThread "G1 Refine#1" [stack: 0x00000047eb100000,0x00000047eb200000] [id=24436]
  0x0000015d14d2d260 ConcurrentGCThread "G1 Refine#2" [stack: 0x00000047eb200000,0x00000047eb300000] [id=9288]
  0x0000015d15022e90 ConcurrentGCThread "G1 Refine#3" [stack: 0x00000047eb300000,0x00000047eb400000] [id=13536]
  0x0000015d15087a40 ConcurrentGCThread "G1 Refine#4" [stack: 0x00000047eb400000,0x00000047eb500000] [id=13540]
  0x0000015d110828c0 ConcurrentGCThread "G1 Service" [stack: 0x00000047e9900000,0x00000047e9a00000] [id=19604]

Threads with active compile tasks:
C2 CompilerThread0    13371 13442       4       org.jetbrains.kotlin.cfg.variable.PseudocodeVariablesData::getUpperLevelDeclaredVariables (56 bytes)
C1 CompilerThread0    13371 13488       3       org.jetbrains.kotlin.cfg.pseudocode.instructions.special.VariableDeclarationInstruction::<init> (114 bytes)
C2 CompilerThread1    13372 13436       4       org.jetbrains.kotlin.com.intellij.util.keyFMap.PairElementsFMap::plus (300 bytes)
C2 CompilerThread2    13372 13328       4       org.jetbrains.kotlin.resolve.calls.util.CallUtilKt::getResolvedCall (30 bytes)

VM state: not at safepoint (normal execution)

VM Mutex/Monitor currently owned by a thread: None

Heap address: 0x0000000704400000, size: 4028 MB, Compressed Oops mode: Zero based, Oop shift amount: 3

CDS archive(s) not mapped
Compressed class space mapped at: 0x0000000800000000-0x0000000840000000, reserved size: 1073741824
Narrow klass base: 0x0000000800000000, Narrow klass shift: 0, Narrow klass range: 0x40000000

GC Precious Log:
 CPUs: 8 total, 8 available
 Memory: 16108M
 Large Page Support: Disabled
 NUMA Support: Disabled
 Compressed Oops: Enabled (Zero based)
 Heap Region Size: 2M
 Heap Min Capacity: 8M
 Heap Initial Capacity: 252M
 Heap Max Capacity: 4028M
 Pre-touch: Disabled
 Parallel Workers: 8
 Concurrent Workers: 2
 Concurrent Refinement Workers: 8
 Periodic GC: Disabled

Heap:
 garbage-first heap   total 147456K, used 109805K [0x0000000704400000, 0x0000000800000000)
  region size 2048K, 14 young (28672K), 1 survivors (2048K)
 Metaspace       used 70528K, committed 70848K, reserved 1114112K
  class space    used 8034K, committed 8192K, reserved 1048576K

Heap Regions: E=young(eden), S=young(survivor), O=old, HS=humongous(starts), HC=humongous(continues), CS=collection set, F=free, OA=open archive, CA=closed archive, TAMS=top-at-mark-start (previous, next)
|   0|0x0000000704400000, 0x0000000704600000, 0x0000000704600000|100%|HS|  |TAMS 0x0000000704600000, 0x0000000704400000| Complete 
|   1|0x0000000704600000, 0x0000000704800000, 0x0000000704800000|100%|HC|  |TAMS 0x0000000704800000, 0x0000000704600000| Complete 
|   2|0x0000000704800000, 0x0000000704800000, 0x0000000704a00000|  0%| F|  |TAMS 0x0000000704800000, 0x0000000704800000| Untracked 
|   3|0x0000000704a00000, 0x0000000704c00000, 0x0000000704c00000|100%| O|  |TAMS 0x0000000704c00000, 0x0000000704a00000| Untracked 
|   4|0x0000000704c00000, 0x0000000704e00000, 0x0000000704e00000|100%| O|  |TAMS 0x0000000704e00000, 0x0000000704c00000| Untracked 
|   5|0x0000000704e00000, 0x0000000705000000, 0x0000000705000000|100%|HS|  |TAMS 0x0000000705000000, 0x0000000704e00000| Complete 
|   6|0x0000000705000000, 0x0000000705200000, 0x0000000705200000|100%| O|  |TAMS 0x0000000705200000, 0x0000000705000000| Untracked 
|   7|0x0000000705200000, 0x0000000705400000, 0x0000000705400000|100%| O|  |TAMS 0x0000000705400000, 0x0000000705200000| Untracked 
|   8|0x0000000705400000, 0x0000000705600000, 0x0000000705600000|100%| O|  |TAMS 0x0000000705600000, 0x0000000705400000| Untracked 
|   9|0x0000000705600000, 0x0000000705800000, 0x0000000705800000|100%| O|  |TAMS 0x0000000705800000, 0x0000000705600000| Untracked 
|  10|0x0000000705800000, 0x0000000705a00000, 0x0000000705a00000|100%| O|  |TAMS 0x0000000705a00000, 0x0000000705800000| Untracked 
|  11|0x0000000705a00000, 0x0000000705c00000, 0x0000000705c00000|100%| O|  |TAMS 0x0000000705c00000, 0x0000000705a00000| Untracked 
|  12|0x0000000705c00000, 0x0000000705e00000, 0x0000000705e00000|100%| O|  |TAMS 0x0000000705e00000, 0x0000000705c00000| Untracked 
|  13|0x0000000705e00000, 0x0000000706000000, 0x0000000706000000|100%| O|  |TAMS 0x0000000706000000, 0x0000000705e00000| Untracked 
|  14|0x0000000706000000, 0x0000000706200000, 0x0000000706200000|100%| O|  |TAMS 0x0000000706200000, 0x0000000706000000| Untracked 
|  15|0x0000000706200000, 0x0000000706400000, 0x0000000706400000|100%| O|  |TAMS 0x0000000706400000, 0x0000000706200000| Untracked 
|  16|0x0000000706400000, 0x0000000706600000, 0x0000000706600000|100%| O|  |TAMS 0x0000000706600000, 0x0000000706400000| Untracked 
|  17|0x0000000706600000, 0x0000000706800000, 0x0000000706800000|100%| O|  |TAMS 0x0000000706800000, 0x0000000706600000| Untracked 
|  18|0x0000000706800000, 0x0000000706a00000, 0x0000000706a00000|100%| O|  |TAMS 0x0000000706a00000, 0x0000000706800000| Untracked 
|  19|0x0000000706a00000, 0x0000000706c00000, 0x0000000706c00000|100%| O|  |TAMS 0x0000000706c00000, 0x0000000706a00000| Untracked 
|  20|0x0000000706c00000, 0x0000000706e00000, 0x0000000706e00000|100%| O|  |TAMS 0x0000000706e00000, 0x0000000706c00000| Untracked 
|  21|0x0000000706e00000, 0x0000000707000000, 0x0000000707000000|100%| O|  |TAMS 0x0000000707000000, 0x0000000706e00000| Untracked 
|  22|0x0000000707000000, 0x0000000707200000, 0x0000000707200000|100%| O|  |TAMS 0x0000000707200000, 0x0000000707000000| Untracked 
|  23|0x0000000707200000, 0x0000000707400000, 0x0000000707400000|100%| O|  |TAMS 0x0000000707400000, 0x0000000707200000| Untracked 
|  24|0x0000000707400000, 0x0000000707600000, 0x0000000707600000|100%| O|  |TAMS 0x0000000707600000, 0x0000000707400000| Untracked 
|  25|0x0000000707600000, 0x0000000707800000, 0x0000000707800000|100%| O|  |TAMS 0x0000000707800000, 0x0000000707600000| Untracked 
|  26|0x0000000707800000, 0x0000000707a00000, 0x0000000707a00000|100%| O|  |TAMS 0x0000000707a00000, 0x0000000707800000| Untracked 
|  27|0x0000000707a00000, 0x0000000707c00000, 0x0000000707c00000|100%| O|  |TAMS 0x0000000707c00000, 0x0000000707a00000| Untracked 
|  28|0x0000000707c00000, 0x0000000707e00000, 0x0000000707e00000|100%| O|  |TAMS 0x0000000707e00000, 0x0000000707c00000| Untracked 
|  29|0x0000000707e00000, 0x0000000708000000, 0x0000000708000000|100%| O|  |TAMS 0x0000000708000000, 0x0000000707e00000| Untracked 
|  30|0x0000000708000000, 0x0000000708200000, 0x0000000708200000|100%| O|  |TAMS 0x0000000708200000, 0x0000000708000000| Untracked 
|  31|0x0000000708200000, 0x0000000708400000, 0x0000000708400000|100%|HS|  |TAMS 0x0000000708400000, 0x0000000708200000| Complete 
|  32|0x0000000708400000, 0x0000000708600000, 0x0000000708600000|100%| O|  |TAMS 0x0000000708600000, 0x0000000708400000| Untracked 
|  33|0x0000000708600000, 0x0000000708800000, 0x0000000708800000|100%| O|  |TAMS 0x0000000708800000, 0x0000000708600000| Untracked 
|  34|0x0000000708800000, 0x0000000708a00000, 0x0000000708a00000|100%| O|  |TAMS 0x0000000708867800, 0x0000000708800000| Untracked 
|  35|0x0000000708a00000, 0x0000000708c00000, 0x0000000708c00000|100%| O|  |TAMS 0x0000000708a00000, 0x0000000708a00000| Untracked 
|  36|0x0000000708c00000, 0x0000000708e00000, 0x0000000708e00000|100%| O|  |TAMS 0x0000000708c00000, 0x0000000708c00000| Untracked 
|  37|0x0000000708e00000, 0x0000000709000000, 0x0000000709000000|100%| O|  |TAMS 0x0000000708e00000, 0x0000000708e00000| Untracked 
|  38|0x0000000709000000, 0x0000000709200000, 0x0000000709200000|100%| O|  |TAMS 0x0000000709000000, 0x0000000709000000| Untracked 
|  39|0x0000000709200000, 0x0000000709400000, 0x0000000709400000|100%| O|  |TAMS 0x0000000709200000, 0x0000000709200000| Untracked 
|  40|0x0000000709400000, 0x0000000709600000, 0x0000000709600000|100%| O|  |TAMS 0x0000000709400000, 0x0000000709400000| Untracked 
|  41|0x0000000709600000, 0x000000070968e800, 0x0000000709800000| 27%| O|  |TAMS 0x0000000709600000, 0x0000000709600000| Untracked 
|  42|0x0000000709800000, 0x0000000709800000, 0x0000000709a00000|  0%| F|  |TAMS 0x0000000709800000, 0x0000000709800000| Untracked 
|  43|0x0000000709a00000, 0x0000000709a00000, 0x0000000709c00000|  0%| F|  |TAMS 0x0000000709a00000, 0x0000000709a00000| Untracked 
|  44|0x0000000709c00000, 0x0000000709c00000, 0x0000000709e00000|  0%| F|  |TAMS 0x0000000709c00000, 0x0000000709c00000| Untracked 
|  45|0x0000000709e00000, 0x0000000709e00000, 0x000000070a000000|  0%| F|  |TAMS 0x0000000709e00000, 0x0000000709e00000| Untracked 
|  46|0x000000070a000000, 0x000000070a000000, 0x000000070a200000|  0%| F|  |TAMS 0x000000070a000000, 0x000000070a000000| Untracked 
|  47|0x000000070a200000, 0x000000070a200000, 0x000000070a400000|  0%| F|  |TAMS 0x000000070a200000, 0x000000070a200000| Untracked 
|  48|0x000000070a400000, 0x000000070a400000, 0x000000070a600000|  0%| F|  |TAMS 0x000000070a400000, 0x000000070a400000| Untracked 
|  49|0x000000070a600000, 0x000000070a600000, 0x000000070a800000|  0%| F|  |TAMS 0x000000070a600000, 0x000000070a600000| Untracked 
|  50|0x000000070a800000, 0x000000070a800000, 0x000000070aa00000|  0%| F|  |TAMS 0x000000070a800000, 0x000000070a800000| Untracked 
|  51|0x000000070aa00000, 0x000000070aa00000, 0x000000070ac00000|  0%| F|  |TAMS 0x000000070aa00000, 0x000000070aa00000| Untracked 
|  52|0x000000070ac00000, 0x000000070ac00000, 0x000000070ae00000|  0%| F|  |TAMS 0x000000070ac00000, 0x000000070ac00000| Untracked 
|  53|0x000000070ae00000, 0x000000070ae00000, 0x000000070b000000|  0%| F|  |TAMS 0x000000070ae00000, 0x000000070ae00000| Untracked 
|  54|0x000000070b000000, 0x000000070b000000, 0x000000070b200000|  0%| F|  |TAMS 0x000000070b000000, 0x000000070b000000| Untracked 
|  55|0x000000070b200000, 0x000000070b200000, 0x000000070b400000|  0%| F|  |TAMS 0x000000070b200000, 0x000000070b200000| Untracked 
|  56|0x000000070b400000, 0x000000070b400000, 0x000000070b600000|  0%| F|  |TAMS 0x000000070b400000, 0x000000070b400000| Untracked 
|  57|0x000000070b600000, 0x000000070b68e8a0, 0x000000070b800000| 27%| E|  |TAMS 0x000000070b600000, 0x000000070b600000| Complete 
|  58|0x000000070b800000, 0x000000070ba00000, 0x000000070ba00000|100%| E|CS|TAMS 0x000000070b800000, 0x000000070b800000| Complete 
|  59|0x000000070ba00000, 0x000000070bc00000, 0x000000070bc00000|100%| E|CS|TAMS 0x000000070ba00000, 0x000000070ba00000| Complete 
|  60|0x000000070bc00000, 0x000000070be00000, 0x000000070be00000|100%| E|CS|TAMS 0x000000070bc00000, 0x000000070bc00000| Complete 
|  61|0x000000070be00000, 0x000000070c000000, 0x000000070c000000|100%| E|CS|TAMS 0x000000070be00000, 0x000000070be00000| Complete 
|  62|0x000000070c000000, 0x000000070c200000, 0x000000070c200000|100%| E|CS|TAMS 0x000000070c000000, 0x000000070c000000| Complete 
|  63|0x000000070c200000, 0x000000070c400000, 0x000000070c400000|100%| E|CS|TAMS 0x000000070c200000, 0x000000070c200000| Complete 
|  64|0x000000070c400000, 0x000000070c600000, 0x000000070c600000|100%| E|CS|TAMS 0x000000070c400000, 0x000000070c400000| Complete 
|  65|0x000000070c600000, 0x000000070c800000, 0x000000070c800000|100%| E|CS|TAMS 0x000000070c600000, 0x000000070c600000| Complete 
|  66|0x000000070c800000, 0x000000070ca00000, 0x000000070ca00000|100%| E|CS|TAMS 0x000000070c800000, 0x000000070c800000| Complete 
|  67|0x000000070ca00000, 0x000000070cc00000, 0x000000070cc00000|100%| E|CS|TAMS 0x000000070ca00000, 0x000000070ca00000| Complete 
|  68|0x000000070cc00000, 0x000000070ce00000, 0x000000070ce00000|100%| E|CS|TAMS 0x000000070cc00000, 0x000000070cc00000| Complete 
| 122|0x0000000713800000, 0x00000007138acdb8, 0x0000000713a00000| 33%| S|CS|TAMS 0x0000000713800000, 0x0000000713800000| Complete 
| 125|0x0000000713e00000, 0x0000000714000000, 0x0000000714000000|100%| E|CS|TAMS 0x0000000713e00000, 0x0000000713e00000| Complete 
|2013|0x00000007ffe00000, 0x0000000800000000, 0x0000000800000000|100%| O|  |TAMS 0x0000000800000000, 0x00000007ffe00000| Untracked 

Card table byte_map: [0x0000015d769a0000,0x0000015d77180000] _byte_map_base: 0x0000015d7317e000

Marking Bits (Prev, Next): (CMBitMap*) 0x0000015d72a196d0, (CMBitMap*) 0x0000015d72a19710
 Prev Bits: [0x0000015d77960000, 0x0000015d7b850000)
 Next Bits: [0x0000015d7b850000, 0x0000015d7f740000)

Polling page: 0x0000015d70980000

Metaspace:

Usage:
  Non-class:     61.04 MB used.
      Class:      7.85 MB used.
       Both:     68.89 MB used.

Virtual space:
  Non-class space:       64.00 MB reserved,      61.19 MB ( 96%) committed,  8 nodes.
      Class space:        1.00 GB reserved,       8.00 MB ( <1%) committed,  1 nodes.
             Both:        1.06 GB reserved,      69.19 MB (  6%) committed. 

Chunk freelists:
   Non-Class:  2.77 MB
       Class:  32.00 KB
        Both:  2.80 MB

MaxMetaspaceSize: unlimited
CompressedClassSpaceSize: 1.00 GB
Initial GC threshold: 21.00 MB
Current GC threshold: 113.44 MB
CDS: off
MetaspaceReclaimPolicy: balanced
 - commit_granule_bytes: 65536.
 - commit_granule_words: 8192.
 - virtual_space_node_default_size: 1048576.
 - enlarge_chunks_in_place: 1.
 - new_chunks_are_fully_committed: 0.
 - uncommit_free_chunks: 1.
 - use_allocation_guard: 0.
 - handle_deallocations: 1.


Internal statistics:

num_allocs_failed_limit: 15.
num_arena_births: 344.
num_arena_deaths: 0.
num_vsnodes_births: 9.
num_vsnodes_deaths: 0.
num_space_committed: 1105.
num_space_uncommitted: 0.
num_chunks_returned_to_freelist: 15.
num_chunks_taken_from_freelist: 2651.
num_chunk_merges: 15.
num_chunk_splits: 2107.
num_chunks_enlarged: 1829.
num_purges: 0.
num_inconsistent_stats: 0.

CodeHeap 'non-profiled nmethods': size=120000Kb used=6574Kb max_used=6574Kb free=113425Kb
 bounds [0x0000015d07ad0000, 0x0000015d08140000, 0x0000015d0f000000]
CodeHeap 'profiled nmethods': size=120000Kb used=33403Kb max_used=33403Kb free=86596Kb
 bounds [0x0000015d00000000, 0x0000015d020b0000, 0x0000015d07530000]
CodeHeap 'non-nmethods': size=5760Kb used=1318Kb max_used=1388Kb free=4441Kb
 bounds [0x0000015d07530000, 0x0000015d077a0000, 0x0000015d07ad0000]
 total_blobs=11898 nmethods=11284 adapters=523
 compilation: enabled
              stopped_count=0, restarted_count=0
 full_count=0

Compilation events (20 events):
Event: 13.321 Thread 0x0000015d11ca6b10 nmethod 13439 0x0000015d0204ee90 code [0x0000015d0204f020, 0x0000015d0204f1b8]
Event: 13.321 Thread 0x0000015d11ca6b10 13440       3       org.jetbrains.kotlin.kdoc.lexer._KDocLexer::yylength (10 bytes)
Event: 13.321 Thread 0x0000015d11ca6b10 nmethod 13440 0x0000015d0204f290 code [0x0000015d0204f420, 0x0000015d0204f538]
Event: 13.321 Thread 0x0000015d11ca6b10 13435       3       org.jetbrains.kotlin.cfg.pseudocode.instructions.eval.CallInstruction::<init> (57 bytes)
Event: 13.323 Thread 0x0000015d11ca6b10 nmethod 13435 0x0000015d0204f610 code [0x0000015d0204fa40, 0x0000015d02051698]
Event: 13.323 Thread 0x0000015d11ca6b10 13441       3       kotlin.collections.CollectionsKt___CollectionsKt::toHashSet (33 bytes)
Event: 13.324 Thread 0x0000015d11ca6b10 nmethod 13441 0x0000015d02052090 code [0x0000015d020523e0, 0x0000015d02053678]
Event: 13.324 Thread 0x0000015d11ca6b10 13428       3       java.util.Collections$EmptySet::toArray (5 bytes)
Event: 13.324 Thread 0x0000015d11ca6b10 nmethod 13428 0x0000015d02053c90 code [0x0000015d02053e20, 0x0000015d02053fd8]
Event: 13.324 Thread 0x0000015d11ca6b10 13432       3       org.jetbrains.kotlin.psi.KtStringTemplateExpression::getEntries (22 bytes)
Event: 13.325 Thread 0x0000015d11ca6b10 nmethod 13432 0x0000015d02054090 code [0x0000015d02054240, 0x0000015d02054598]
Event: 13.325 Thread 0x0000015d11ca6b10 13443       3       org.jetbrains.kotlin.cfg.ControlFlowProcessor$CFPVisitor::generateValueArgument (70 bytes)
Event: 13.326 Thread 0x0000015d11ca6b10 nmethod 13443 0x0000015d02054690 code [0x0000015d020548c0, 0x0000015d020550c8]
Event: 13.326 Thread 0x0000015d11ca6b10 13444       3       org.jetbrains.kotlin.cfg.pseudocode.ControlFlowInstructionsGenerator$ControlFlowInstructionsGeneratorWorker::handleJumpInsideTryFinally (140 bytes)
Event: 13.328 Thread 0x0000015d11ca6b10 nmethod 13444 0x0000015d02055310 code [0x0000015d02055760, 0x0000015d02057de8]
Event: 13.328 Thread 0x0000015d11ca6b10 13445       3       org.jetbrains.kotlin.cfg.ControlFlowInformationProviderImpl::collectUnreachableCode (210 bytes)
Event: 13.329 Thread 0x0000015d11ca6b10 nmethod 13445 0x0000015d02058a10 code [0x0000015d02058e20, 0x0000015d0205ba58]
Event: 13.329 Thread 0x0000015d11ca6b10 13446       3       org.jetbrains.kotlin.cfg.pseudocode.instructions.eval.MagicInstruction::getSynthetic (18 bytes)
Event: 13.329 Thread 0x0000015d11ca6b10 nmethod 13446 0x0000015d0205c510 code [0x0000015d0205c720, 0x0000015d0205cdc8]
Event: 13.329 Thread 0x0000015d11ca6b10 13448       3       org.jetbrains.kotlin.cfg.ControlFlowInformationProviderImpl::checkLocalFunctions (144 bytes)

GC Heap History (20 events):
Event: 5.853 GC heap before
{Heap before GC invocations=16 (full 0):
 garbage-first heap   total 108544K, used 79670K [0x0000000704400000, 0x0000000800000000)
  region size 2048K, 19 young (38912K), 3 survivors (6144K)
 Metaspace       used 59245K, committed 59456K, reserved 1105920K
  class space    used 6989K, committed 7104K, reserved 1048576K
}
Event: 5.890 GC heap after
{Heap after GC invocations=17 (full 0):
 garbage-first heap   total 108544K, used 52793K [0x0000000704400000, 0x0000000800000000)
  region size 2048K, 3 young (6144K), 3 survivors (6144K)
 Metaspace       used 59245K, committed 59456K, reserved 1105920K
  class space    used 6989K, committed 7104K, reserved 1048576K
}
Event: 6.189 GC heap before
{Heap before GC invocations=17 (full 0):
 garbage-first heap   total 108544K, used 77369K [0x0000000704400000, 0x0000000800000000)
  region size 2048K, 16 young (32768K), 3 survivors (6144K)
 Metaspace       used 60147K, committed 60416K, reserved 1105920K
  class space    used 7114K, committed 7232K, reserved 1048576K
}
Event: 6.214 GC heap after
{Heap after GC invocations=18 (full 0):
 garbage-first heap   total 108544K, used 54743K [0x0000000704400000, 0x0000000800000000)
  region size 2048K, 1 young (2048K), 1 survivors (2048K)
 Metaspace       used 60147K, committed 60416K, reserved 1105920K
  class space    used 7114K, committed 7232K, reserved 1048576K
}
Event: 7.039 GC heap before
{Heap before GC invocations=19 (full 0):
 garbage-first heap   total 108544K, used 83415K [0x0000000704400000, 0x0000000800000000)
  region size 2048K, 15 young (30720K), 1 survivors (2048K)
 Metaspace       used 63709K, committed 64000K, reserved 1105920K
  class space    used 7564K, committed 7744K, reserved 1048576K
}
Event: 7.055 GC heap after
{Heap after GC invocations=20 (full 0):
 garbage-first heap   total 108544K, used 59382K [0x0000000704400000, 0x0000000800000000)
  region size 2048K, 2 young (4096K), 2 survivors (4096K)
 Metaspace       used 63709K, committed 64000K, reserved 1105920K
  class space    used 7564K, committed 7744K, reserved 1048576K
}
Event: 7.804 GC heap before
{Heap before GC invocations=21 (full 0):
 garbage-first heap   total 110592K, used 81910K [0x0000000704400000, 0x0000000800000000)
  region size 2048K, 13 young (26624K), 2 survivors (4096K)
 Metaspace       used 65286K, committed 65600K, reserved 1114112K
  class space    used 7683K, committed 7808K, reserved 1048576K
}
Event: 7.823 GC heap after
{Heap after GC invocations=22 (full 0):
 garbage-first heap   total 110592K, used 63406K [0x0000000704400000, 0x0000000800000000)
  region size 2048K, 2 young (4096K), 2 survivors (4096K)
 Metaspace       used 65286K, committed 65600K, reserved 1114112K
  class space    used 7683K, committed 7808K, reserved 1048576K
}
Event: 8.809 GC heap before
{Heap before GC invocations=22 (full 0):
 garbage-first heap   total 110592K, used 85934K [0x0000000704400000, 0x0000000800000000)
  region size 2048K, 13 young (26624K), 2 survivors (4096K)
 Metaspace       used 66694K, committed 67008K, reserved 1114112K
  class space    used 7733K, committed 7872K, reserved 1048576K
}
Event: 8.832 GC heap after
{Heap after GC invocations=23 (full 0):
 garbage-first heap   total 147456K, used 66082K [0x0000000704400000, 0x0000000800000000)
  region size 2048K, 2 young (4096K), 2 survivors (4096K)
 Metaspace       used 66694K, committed 67008K, reserved 1114112K
  class space    used 7733K, committed 7872K, reserved 1048576K
}
Event: 9.143 GC heap before
{Heap before GC invocations=24 (full 0):
 garbage-first heap   total 147456K, used 80418K [0x0000000704400000, 0x0000000800000000)
  region size 2048K, 10 young (20480K), 2 survivors (4096K)
 Metaspace       used 67172K, committed 67456K, reserved 1114112K
  class space    used 7783K, committed 7936K, reserved 1048576K
}
Event: 9.156 GC heap after
{Heap after GC invocations=25 (full 0):
 garbage-first heap   total 147456K, used 69561K [0x0000000704400000, 0x0000000800000000)
  region size 2048K, 3 young (6144K), 3 survivors (6144K)
 Metaspace       used 67172K, committed 67456K, reserved 1114112K
  class space    used 7783K, committed 7936K, reserved 1048576K
}
Event: 10.196 GC heap before
{Heap before GC invocations=25 (full 0):
 garbage-first heap   total 147456K, used 108473K [0x0000000704400000, 0x0000000800000000)
  region size 2048K, 21 young (43008K), 3 survivors (6144K)
 Metaspace       used 68931K, committed 69248K, reserved 1114112K
  class space    used 7936K, committed 8064K, reserved 1048576K
}
Event: 10.212 GC heap after
{Heap after GC invocations=26 (full 0):
 garbage-first heap   total 147456K, used 76544K [0x0000000704400000, 0x0000000800000000)
  region size 2048K, 3 young (6144K), 3 survivors (6144K)
 Metaspace       used 68931K, committed 69248K, reserved 1114112K
  class space    used 7936K, committed 8064K, reserved 1048576K
}
Event: 11.164 GC heap before
{Heap before GC invocations=26 (full 0):
 garbage-first heap   total 147456K, used 107264K [0x0000000704400000, 0x0000000800000000)
  region size 2048K, 19 young (38912K), 3 survivors (6144K)
 Metaspace       used 69318K, committed 69696K, reserved 1114112K
  class space    used 7952K, committed 8128K, reserved 1048576K
}
Event: 11.176 GC heap after
{Heap after GC invocations=27 (full 0):
 garbage-first heap   total 147456K, used 81292K [0x0000000704400000, 0x0000000800000000)
  region size 2048K, 3 young (6144K), 3 survivors (6144K)
 Metaspace       used 69318K, committed 69696K, reserved 1114112K
  class space    used 7952K, committed 8128K, reserved 1048576K
}
Event: 12.433 GC heap before
{Heap before GC invocations=28 (full 0):
 garbage-first heap   total 147456K, used 112012K [0x0000000704400000, 0x0000000800000000)
  region size 2048K, 18 young (36864K), 3 survivors (6144K)
 Metaspace       used 69933K, committed 70208K, reserved 1114112K
  class space    used 7996K, committed 8128K, reserved 1048576K
}
Event: 12.446 GC heap after
{Heap after GC invocations=29 (full 0):
 garbage-first heap   total 147456K, used 84591K [0x0000000704400000, 0x0000000800000000)
  region size 2048K, 2 young (4096K), 2 survivors (4096K)
 Metaspace       used 69933K, committed 70208K, reserved 1114112K
  class space    used 7996K, committed 8128K, reserved 1048576K
}
Event: 12.542 GC heap before
{Heap before GC invocations=29 (full 0):
 garbage-first heap   total 147456K, used 86639K [0x0000000704400000, 0x0000000800000000)
  region size 2048K, 3 young (6144K), 2 survivors (4096K)
 Metaspace       used 69943K, committed 70272K, reserved 1114112K
  class space    used 7996K, committed 8128K, reserved 1048576K
}
Event: 12.558 GC heap after
{Heap after GC invocations=30 (full 0):
 garbage-first heap   total 147456K, used 85229K [0x0000000704400000, 0x0000000800000000)
  region size 2048K, 1 young (2048K), 1 survivors (2048K)
 Metaspace       used 69943K, committed 70272K, reserved 1114112K
  class space    used 7996K, committed 8128K, reserved 1048576K
}

Dll operation events (2 events):
Event: 0.007 Loaded shared library C:\Program Files\Android\Android Studio\jbr\bin\java.dll
Event: 1.111 Loaded shared library C:\Program Files\Android\Android Studio\jbr\bin\verify.dll

Deoptimization events (20 events):
Event: 13.281 Thread 0x0000015d729a7c00 Uncommon trap: trap_request=0xffffffde fr.pc=0x0000015d0813113c relative=0x00000000000001dc
Event: 13.281 Thread 0x0000015d729a7c00 Uncommon trap: reason=class_check action=maybe_recompile pc=0x0000015d0813113c method=org.jetbrains.kotlin.cfg.pseudocodeTraverser.PseudocodeTraverserKt.traverse(Lorg/jetbrains/kotlin/cfg/pseudocode/Pseudocode;Lorg/jetbrains/kotlin/cfg/pseudocodeTraverser
Event: 13.281 Thread 0x0000015d729a7c00 DEOPT PACKING pc=0x0000015d0813113c sp=0x00000047e94fdd90
Event: 13.281 Thread 0x0000015d729a7c00 DEOPT UNPACKING pc=0x0000015d0758a1a3 sp=0x00000047e94fdd58 mode 2
Event: 13.283 Thread 0x0000015d729a7c00 Uncommon trap: trap_request=0xffffffde fr.pc=0x0000015d0813113c relative=0x00000000000001dc
Event: 13.283 Thread 0x0000015d729a7c00 Uncommon trap: reason=class_check action=maybe_recompile pc=0x0000015d0813113c method=org.jetbrains.kotlin.cfg.pseudocodeTraverser.PseudocodeTraverserKt.traverse(Lorg/jetbrains/kotlin/cfg/pseudocode/Pseudocode;Lorg/jetbrains/kotlin/cfg/pseudocodeTraverser
Event: 13.283 Thread 0x0000015d729a7c00 DEOPT PACKING pc=0x0000015d0813113c sp=0x00000047e94fdfa0
Event: 13.283 Thread 0x0000015d729a7c00 DEOPT UNPACKING pc=0x0000015d0758a1a3 sp=0x00000047e94fdf68 mode 2
Event: 13.283 Thread 0x0000015d729a7c00 Uncommon trap: trap_request=0xffffffde fr.pc=0x0000015d0813113c relative=0x00000000000001dc
Event: 13.283 Thread 0x0000015d729a7c00 Uncommon trap: reason=class_check action=maybe_recompile pc=0x0000015d0813113c method=org.jetbrains.kotlin.cfg.pseudocodeTraverser.PseudocodeTraverserKt.traverse(Lorg/jetbrains/kotlin/cfg/pseudocode/Pseudocode;Lorg/jetbrains/kotlin/cfg/pseudocodeTraverser
Event: 13.283 Thread 0x0000015d729a7c00 DEOPT PACKING pc=0x0000015d0813113c sp=0x00000047e94fe010
Event: 13.283 Thread 0x0000015d729a7c00 DEOPT UNPACKING pc=0x0000015d0758a1a3 sp=0x00000047e94fdfd8 mode 2
Event: 13.289 Thread 0x0000015d729a7c00 Uncommon trap: trap_request=0xffffffde fr.pc=0x0000015d07fd5610 relative=0x0000000000000910
Event: 13.289 Thread 0x0000015d729a7c00 Uncommon trap: reason=class_check action=maybe_recompile pc=0x0000015d07fd5610 method=org.jetbrains.kotlin.psi.psiUtil.KtPsiUtilKt.getQualifiedElementSelector(Lorg/jetbrains/kotlin/psi/KtElement;)Lorg/jetbrains/kotlin/psi/KtElement; @ 47 c2
Event: 13.289 Thread 0x0000015d729a7c00 DEOPT PACKING pc=0x0000015d07fd5610 sp=0x00000047e94fd090
Event: 13.289 Thread 0x0000015d729a7c00 DEOPT UNPACKING pc=0x0000015d0758a1a3 sp=0x00000047e94fd040 mode 2
Event: 13.290 Thread 0x0000015d729a7c00 Uncommon trap: trap_request=0xffffffde fr.pc=0x0000015d07fd5610 relative=0x0000000000000910
Event: 13.290 Thread 0x0000015d729a7c00 Uncommon trap: reason=class_check action=maybe_recompile pc=0x0000015d07fd5610 method=org.jetbrains.kotlin.psi.psiUtil.KtPsiUtilKt.getQualifiedElementSelector(Lorg/jetbrains/kotlin/psi/KtElement;)Lorg/jetbrains/kotlin/psi/KtElement; @ 47 c2
Event: 13.290 Thread 0x0000015d729a7c00 DEOPT PACKING pc=0x0000015d07fd5610 sp=0x00000047e94fd090
Event: 13.290 Thread 0x0000015d729a7c00 DEOPT UNPACKING pc=0x0000015d0758a1a3 sp=0x00000047e94fd040 mode 2

Classes unloaded (0 events):
No events

Classes redefined (0 events):
No events

Internal exceptions (20 events):
Event: 5.587 Thread 0x0000015d729a7c00 Implicit null exception at 0x0000015d07d25b04 to 0x0000015d07d26468
Event: 5.602 Thread 0x0000015d729a7c00 Exception <a 'java/lang/NoSuchMethodError'{0x0000000709b068b0}: 'java.lang.Object java.lang.invoke.DirectMethodHandle$Holder.newInvokeSpecial(java.lang.Object, int, java.lang.Object, java.lang.Object)'> (0x0000000709b068b0) 
thrown [s\src\hotspot\share\interpreter\linkResolver.cpp, line 771]
Event: 5.660 Thread 0x0000015d729a7c00 Exception <a 'java/lang/NoSuchMethodError'{0x0000000709894668}: 'int java.lang.invoke.DirectMethodHandle$Holder.invokeStaticInit(java.lang.Object, int)'> (0x0000000709894668) 
thrown [s\src\hotspot\share\interpreter\linkResolver.cpp, line 771]
Event: 6.122 Thread 0x0000015d729a7c00 Implicit null exception at 0x0000015d07e28473 to 0x0000015d07e29b28
Event: 6.230 Thread 0x0000015d729a7c00 Exception <a 'java/lang/NoSuchMethodError'{0x0000000713e7cad0}: 'java.lang.Object java.lang.invoke.DirectMethodHandle$Holder.invokeStatic(java.lang.Object, java.lang.Object, java.lang.Object, java.lang.Object, int)'> (0x0000000713e7cad0) 
thrown [s\src\hotspot\share\interpreter\linkResolver.cpp, line 771]
Event: 6.231 Thread 0x0000015d729a7c00 Exception <a 'java/lang/NoSuchMethodError'{0x0000000713e86418}: 'java.lang.Object java.lang.invoke.DirectMethodHandle$Holder.newInvokeSpecial(java.lang.Object, java.lang.Object, java.lang.Object, java.lang.Object, int)'> (0x0000000713e86418) 
thrown [s\src\hotspot\share\interpreter\linkResolver.cpp, line 771]
Event: 6.232 Thread 0x0000015d729a7c00 Exception <a 'java/lang/NoSuchMethodError'{0x0000000713e8e738}: 'java.lang.Object java.lang.invoke.Invokers$Holder.linkToTargetMethod(java.lang.Object, java.lang.Object, java.lang.Object, int, java.lang.Object)'> (0x0000000713e8e738) 
thrown [s\src\hotspot\share\interpreter\linkResolver.cpp, line 771]
Event: 6.366 Thread 0x0000015d729a7c00 Exception <a 'java/lang/NoSuchMethodError'{0x000000070a6aae48}: 'void java.lang.invoke.DirectMethodHandle$Holder.invokeSpecial(java.lang.Object, java.lang.Object, int, java.lang.Object)'> (0x000000070a6aae48) 
thrown [s\src\hotspot\share\interpreter\linkResolver.cpp, line 771]
Event: 6.384 Thread 0x0000015d729a7c00 Exception <a 'java/lang/NoSuchMethodError'{0x000000070a765288}: 'void java.lang.invoke.DirectMethodHandle$Holder.invokeInterface(java.lang.Object, java.lang.Object)'> (0x000000070a765288) 
thrown [s\src\hotspot\share\interpreter\linkResolver.cpp, line 771]
Event: 6.602 Thread 0x0000015d729a7c00 Implicit null exception at 0x0000015d07e3cb23 to 0x0000015d07e42930
Event: 6.643 Thread 0x0000015d729a7c00 Exception <a 'java/lang/IncompatibleClassChangeError'{0x0000000709d24798}: Found class java.lang.Object, but interface was expected> (0x0000000709d24798) 
thrown [s\src\hotspot\share\interpreter\linkResolver.cpp, line 838]
Event: 6.931 Thread 0x0000015d729a7c00 Implicit null exception at 0x0000015d07e967d0 to 0x0000015d07e9cfbc
Event: 7.505 Thread 0x0000015d729a7c00 Exception <a 'java/lang/NoSuchMethodError'{0x000000070a33a418}: 'java.lang.Object java.lang.invoke.DirectMethodHandle$Holder.invokeInterface(java.lang.Object, java.lang.Object, java.lang.Object)'> (0x000000070a33a418) 
thrown [s\src\hotspot\share\interpreter\linkResolver.cpp, line 771]
Event: 7.506 Thread 0x0000015d729a7c00 Exception <a 'java/lang/IncompatibleClassChangeError'{0x000000070a33dd88}: Found class java.lang.Object, but interface was expected> (0x000000070a33dd88) 
thrown [s\src\hotspot\share\interpreter\linkResolver.cpp, line 838]
Event: 8.306 Thread 0x0000015d729a7c00 Implicit null exception at 0x0000015d07b38dd8 to 0x0000015d07b38e6e
Event: 9.189 Thread 0x0000015d729a7c00 Implicit null exception at 0x0000015d07f12805 to 0x0000015d07f12fb8
Event: 10.872 Thread 0x0000015d729a7c00 Implicit null exception at 0x0000015d07f9bdb9 to 0x0000015d07f9c418
Event: 11.189 Thread 0x0000015d729a7c00 Implicit null exception at 0x0000015d0803e2c3 to 0x0000015d08041410
Event: 11.366 Thread 0x0000015d729a7c00 Implicit null exception at 0x0000015d07de48ac to 0x0000015d07de4974
Event: 12.278 Thread 0x0000015d729a7c00 Implicit null exception at 0x0000015d080606f8 to 0x0000015d08063880

VM Operations (20 events):
Event: 11.463 Executing VM operation: HandshakeAllThreads
Event: 11.463 Executing VM operation: HandshakeAllThreads done
Event: 11.691 Executing VM operation: ICBufferFull
Event: 11.691 Executing VM operation: ICBufferFull done
Event: 12.192 Executing VM operation: HandshakeAllThreads
Event: 12.192 Executing VM operation: HandshakeAllThreads done
Event: 12.247 Executing VM operation: ICBufferFull
Event: 12.247 Executing VM operation: ICBufferFull done
Event: 12.433 Executing VM operation: G1CollectForAllocation
Event: 12.446 Executing VM operation: G1CollectForAllocation done
Event: 12.542 Executing VM operation: G1CollectForAllocation
Event: 12.558 Executing VM operation: G1CollectForAllocation done
Event: 12.905 Executing VM operation: ICBufferFull
Event: 12.906 Executing VM operation: ICBufferFull done
Event: 13.031 Executing VM operation: HandshakeAllThreads
Event: 13.031 Executing VM operation: HandshakeAllThreads done
Event: 13.064 Executing VM operation: HandshakeAllThreads
Event: 13.064 Executing VM operation: HandshakeAllThreads done
Event: 13.176 Executing VM operation: ICBufferFull
Event: 13.176 Executing VM operation: ICBufferFull done

Events (20 events):
Event: 10.522 Thread 0x0000015d11ca7500 flushing nmethod 0x0000015d01709110
Event: 10.522 Thread 0x0000015d11ca7500 flushing nmethod 0x0000015d0170a690
Event: 10.522 Thread 0x0000015d11ca7500 flushing nmethod 0x0000015d01735e10
Event: 10.522 Thread 0x0000015d11ca7500 flushing nmethod 0x0000015d0173dd10
Event: 10.523 Thread 0x0000015d11ca7500 flushing nmethod 0x0000015d017dec90
Event: 10.523 Thread 0x0000015d11ca7500 flushing nmethod 0x0000015d017e7d90
Event: 10.523 Thread 0x0000015d11ca7500 flushing nmethod 0x0000015d018a0310
Event: 10.523 Thread 0x0000015d11ca7500 flushing nmethod 0x0000015d018a1f90
Event: 10.523 Thread 0x0000015d11ca7500 flushing nmethod 0x0000015d018a6f90
Event: 12.194 Thread 0x0000015d11ca7500 flushing nmethod 0x0000015d07fa3890
Event: 12.196 Thread 0x0000015d11ca7500 flushing nmethod 0x0000015d002da410
Event: 12.199 Thread 0x0000015d11ca7500 flushing nmethod 0x0000015d00621990
Event: 12.202 Thread 0x0000015d11ca7500 flushing nmethod 0x0000015d00974490
Event: 12.202 Thread 0x0000015d11ca7500 flushing nmethod 0x0000015d0099d710
Event: 12.202 Thread 0x0000015d11ca7500 flushing nmethod 0x0000015d009ca890
Event: 12.202 Thread 0x0000015d11ca7500 flushing nmethod 0x0000015d009d8d90
Event: 12.208 Thread 0x0000015d11ca7500 flushing nmethod 0x0000015d012fcc90
Event: 12.208 Thread 0x0000015d11ca7500 flushing nmethod 0x0000015d0130b990
Event: 12.209 Thread 0x0000015d11ca7500 flushing nmethod 0x0000015d0133a990
Event: 12.213 Thread 0x0000015d11ca7500 flushing nmethod 0x0000015d019d0790


Dynamic libraries:
0x00007ff74dd30000 - 0x00007ff74dd3a000 	C:\Program Files\Android\Android Studio\jbr\bin\java.exe
0x00007ffb7c070000 - 0x00007ffb7c267000 	C:\Windows\SYSTEM32\ntdll.dll
0x00007ffb7b680000 - 0x00007ffb7b73d000 	C:\Windows\System32\KERNEL32.DLL
0x00007ffb797b0000 - 0x00007ffb79aa6000 	C:\Windows\System32\KERNELBASE.dll
0x00007ffb79d10000 - 0x00007ffb79e10000 	C:\Windows\System32\ucrtbase.dll
0x00007ffb6f1e0000 - 0x00007ffb6f1f7000 	C:\Program Files\Android\Android Studio\jbr\bin\jli.dll
0x00007ffb6fb50000 - 0x00007ffb6fb6b000 	C:\Program Files\Android\Android Studio\jbr\bin\VCRUNTIME140.dll
0x00007ffb7b4e0000 - 0x00007ffb7b67e000 	C:\Windows\System32\USER32.dll
0x00007ffb79750000 - 0x00007ffb79772000 	C:\Windows\System32\win32u.dll
0x00007ffb7a0f0000 - 0x00007ffb7a11c000 	C:\Windows\System32\GDI32.dll
0x00007ffb79f00000 - 0x00007ffb7a01a000 	C:\Windows\System32\gdi32full.dll
0x00007ffb79e60000 - 0x00007ffb79efd000 	C:\Windows\System32\msvcp_win.dll
0x00007ffb63280000 - 0x00007ffb6351a000 	C:\Windows\WinSxS\amd64_microsoft.windows.common-controls_6595b64144ccf1df_6.0.19041.3570_none_60bb2a3971f3e41a\COMCTL32.dll
0x00007ffb7bb50000 - 0x00007ffb7bbee000 	C:\Windows\System32\msvcrt.dll
0x00007ffb7adb0000 - 0x00007ffb7ade0000 	C:\Windows\System32\IMM32.DLL
0x00007ffb72b90000 - 0x00007ffb72b9c000 	C:\Program Files\Android\Android Studio\jbr\bin\vcruntime140_1.dll
0x00007ffb6b030000 - 0x00007ffb6b0bd000 	C:\Program Files\Android\Android Studio\jbr\bin\msvcp140.dll
0x00007ffb3bf10000 - 0x00007ffb3cb7e000 	C:\Program Files\Android\Android Studio\jbr\bin\server\jvm.dll
0x00007ffb7bd80000 - 0x00007ffb7be2e000 	C:\Windows\System32\ADVAPI32.dll
0x00007ffb7bf00000 - 0x00007ffb7bf9c000 	C:\Windows\System32\sechost.dll
0x00007ffb7bbf0000 - 0x00007ffb7bd16000 	C:\Windows\System32\RPCRT4.dll
0x00007ffb2c9a0000 - 0x00007ffb2c9a9000 	C:\Windows\SYSTEM32\WSOCK32.dll
0x00007ffb76830000 - 0x00007ffb76857000 	C:\Windows\SYSTEM32\WINMM.dll
0x00007ffb6faa0000 - 0x00007ffb6faaa000 	C:\Windows\SYSTEM32\VERSION.dll
0x00007ffb7be90000 - 0x00007ffb7befb000 	C:\Windows\System32\WS2_32.dll
0x00007ffb77f80000 - 0x00007ffb77f92000 	C:\Windows\SYSTEM32\kernel.appcore.dll
0x00007ffb72cd0000 - 0x00007ffb72cda000 	C:\Program Files\Android\Android Studio\jbr\bin\jimage.dll
0x00007ffb77370000 - 0x00007ffb77554000 	C:\Windows\SYSTEM32\DBGHELP.DLL
0x00007ffb76760000 - 0x00007ffb76794000 	C:\Windows\SYSTEM32\dbgcore.DLL
0x00007ffb79ab0000 - 0x00007ffb79b32000 	C:\Windows\System32\bcryptPrimitives.dll
0x00007ffb6fbc0000 - 0x00007ffb6fbe5000 	C:\Program Files\Android\Android Studio\jbr\bin\java.dll
0x00007ffb72b40000 - 0x00007ffb72b58000 	C:\Program Files\Android\Android Studio\jbr\bin\zip.dll
0x00007ffb7a1b0000 - 0x00007ffb7a8f4000 	C:\Windows\System32\SHELL32.dll
0x00007ffb777d0000 - 0x00007ffb77f6b000 	C:\Windows\SYSTEM32\windows.storage.dll
0x00007ffb7aa50000 - 0x00007ffb7ada4000 	C:\Windows\System32\combase.dll
0x00007ffb79190000 - 0x00007ffb791bd000 	C:\Windows\SYSTEM32\Wldp.dll
0x00007ffb7b2b0000 - 0x00007ffb7b35d000 	C:\Windows\System32\SHCORE.dll
0x00007ffb7be30000 - 0x00007ffb7be85000 	C:\Windows\System32\shlwapi.dll
0x00007ffb79680000 - 0x00007ffb796a5000 	C:\Windows\SYSTEM32\profapi.dll
0x00007ffb6f830000 - 0x00007ffb6f849000 	C:\Program Files\Android\Android Studio\jbr\bin\net.dll
0x00007ffb75a00000 - 0x00007ffb75b0a000 	C:\Windows\SYSTEM32\WINHTTP.dll
0x00007ffb78ef0000 - 0x00007ffb78f5a000 	C:\Windows\system32\mswsock.dll
0x00007ffb6f3a0000 - 0x00007ffb6f3b6000 	C:\Program Files\Android\Android Studio\jbr\bin\nio.dll
0x00007ffb72cc0000 - 0x00007ffb72cd0000 	C:\Program Files\Android\Android Studio\jbr\bin\verify.dll

dbghelp: loaded successfully - version: 4.0.5 - missing functions: none
symbol engine: initialized successfully - sym options: 0x614 - pdb path: .;C:\Program Files\Android\Android Studio\jbr\bin;C:\Windows\SYSTEM32;C:\Windows\WinSxS\amd64_microsoft.windows.common-controls_6595b64144ccf1df_6.0.19041.3570_none_60bb2a3971f3e41a;C:\Program Files\Android\Android Studio\jbr\bin\server

VM Arguments:
java_command: org.jetbrains.kotlin.cli.jvm.K2JVMCompiler @C:\Users\lgy15\AndroidStudioProjects\SAS_EamployeeManagement\SAS_ArtistManagement\app\build\20231022_18353973003147958548.compiler.options
java_class_path (initial): C:\Users\lgy15\.gradle\caches\modules-2\files-2.1\org.jetbrains.kotlin\kotlin-compiler-embeddable\1.9.0\2c8c3a7402becca891f12739b3e9fd2dc2adbd7a\kotlin-compiler-embeddable-1.9.0.jar;C:\Users\lgy15\.gradle\caches\modules-2\files-2.1\org.jetbrains.kotlin\kotlin-stdlib\1.9.0\8ee15ef0c67dc83d874f412d84378d7f0eb50b63\kotlin-stdlib-1.9.0.jar;C:\Users\lgy15\.gradle\caches\modules-2\files-2.1\org.jetbrains.kotlin\kotlin-script-runtime\1.9.0\4b3102cbbb7e1b58d9d1adf89563f00069ffa7d1\kotlin-script-runtime-1.9.0.jar;C:\Users\lgy15\.gradle\caches\modules-2\files-2.1\org.jetbrains.kotlin\kotlin-reflect\1.6.10\1cbe9c92c12a94eea200d23c2bbaedaf3daf5132\kotlin-reflect-1.6.10.jar;C:\Users\lgy15\.gradle\caches\modules-2\files-2.1\org.jetbrains.kotlin\kotlin-daemon-embeddable\1.9.0\186543f5e28cf8d9a0290fecc2cf34301c40a65c\kotlin-daemon-embeddable-1.9.0.jar;C:\Users\lgy15\.gradle\caches\modules-2\files-2.1\org.jetbrains.intellij.deps\trove4j\1.0.20200330\3afb14d5f9ceb459d724e907a21145e8ff394f02\trove4j-1.0.20200330.jar;C:\Users\lgy15\.gradle\caches\modules-2\files-2.1\org.jetbrains.kotlin\kotlin-stdlib-common\1.9.0\cd65c21cfd1eec4d44ef09f9f52b6d9f8a720636\kotlin-stdlib-common-1.9.0.jar;C:\Users\lgy15\.gradle\caches\modules-2\files-2.1\org.jetbrains\annotations\13.0\919f0dfe192fb4e063e7dacadee7f8bb9a2672a9\annotations-13.0.jar
Launcher Type: SUN_STANDARD

[Global flags]
     intx CICompilerCount                          = 4                                         {product} {ergonomic}
     uint ConcGCThreads                            = 2                                         {product} {ergonomic}
     uint G1ConcRefinementThreads                  = 8                                         {product} {ergonomic}
   size_t G1HeapRegionSize                         = 2097152                                   {product} {ergonomic}
    uintx GCDrainStackTargetSize                   = 64                                        {product} {ergonomic}
   size_t InitialHeapSize                          = 264241152                                 {product} {ergonomic}
   size_t MarkStackSize                            = 4194304                                   {product} {ergonomic}
   size_t MaxHeapSize                              = 4223664128                                {product} {ergonomic}
   size_t MaxNewSize                               = 2533359616                                {product} {ergonomic}
   size_t MinHeapDeltaBytes                        = 2097152                                   {product} {ergonomic}
   size_t MinHeapSize                              = 8388608                                   {product} {ergonomic}
    uintx NonNMethodCodeHeapSize                   = 5839372                                {pd product} {ergonomic}
    uintx NonProfiledCodeHeapSize                  = 122909434                              {pd product} {ergonomic}
    uintx ProfiledCodeHeapSize                     = 122909434                              {pd product} {ergonomic}
    uintx ReservedCodeCacheSize                    = 251658240                              {pd product} {ergonomic}
     bool SegmentedCodeCache                       = true                                      {product} {ergonomic}
   size_t SoftMaxHeapSize                          = 4223664128                             {manageable} {ergonomic}
     bool UseCompressedClassPointers               = true                           {product lp64_product} {ergonomic}
     bool UseCompressedOops                        = true                           {product lp64_product} {ergonomic}
     bool UseG1GC                                  = true                                      {product} {ergonomic}
     bool UseLargePagesIndividualAllocation        = false                                  {pd product} {ergonomic}

Logging:
Log output configuration:
 #0: stdout all=warning uptime,level,tags
 #1: stderr all=off uptime,level,tags

Environment Variables:
JAVA_HOME=C:\Program Files\Java\openlogic-openjdk-17.0.8+7-windows-x64
CLASSPATH= C:\Program Files\Java\openlogic-openjdk-17.0.8+7-windows-x64\lib
PATH=C:\Program Files\Java\openlogic-openjdk-17.0.8+7-windows-x64\bin;C:\Program Files\Common Files\Oracle\Java\javapath;C:\Windows\system32;C:\Windows;C:\Windows\System32\Wbem;C:\Windows\System32\WindowsPowerShell\v1.0\;C:\Windows\System32\OpenSSH\;C:\Program Files (x86)\NetSarang\Xshell 7\;C:\ProgramData\chocolatey\bin;C:\Program Files\nodejs\;%ANDROID_PLATFORM_TOOLS%\;C:\Users\lgy15\AppData\Local\Android\Sdk\platform-tools;C:\Program Files\Microsoft VS Code\bin;C:\Program Files\Git\cmd;C:\Program Files\MySQL\MySQL Server 8.0\bin;%LOCALAPPDATA%\Android\Sdk\platform-tools;C:\Program Files\Bandizip\;C:\Program Files\MySQL\MySQL Shell 8.0\bin\;C:\Users\lgy15\AppData\Local\jdk-11.0.2\bin;C:\Users\lgy15\AppData\Local\Android\Sdk\tools;C:\Users\lgy15\AppData\Local\Microsoft\WindowsApps;%PyCharm Community Edition%;C:\Program Files\JetBrains\IntelliJ IDEA Community Edition 2022.2.3\bin;;C:\Program Files\JetBrains\IntelliJ IDEA 2023.2\bin;;C:\Users\lgy15\AppData\Roaming\npm;C:\Users\lgy15\AppData\Local\Android\Sdk\platform-tools;C:\Users\lgy15\AppData\Local\Android\Sdk;
USERNAME=lgy15
OS=Windows_NT
PROCESSOR_IDENTIFIER=Intel64 Family 6 Model 140 Stepping 2, GenuineIntel
TMP=C:\Users\lgy15\AppData\Local\Temp
TEMP=C:\Users\lgy15\AppData\Local\Temp


JNI global refs:
JNI global refs: 14, weak refs: 7

JNI global refs memory usage: 843, weak refs: 841


---------------  S Y S T E M  ---------------

OS:
 Windows 10 , 64 bit Build 19041 (10.0.19041.3570)
OS uptime: 4 days 2:52 hours

CPU: total 8 (initial active 8) (4 cores per cpu, 2 threads per core) family 6 model 140 stepping 2 microcode 0x16, cx8, cmov, fxsr, ht, mmx, 3dnowpref, sse, sse2, sse3, ssse3, sse4.1, sse4.2, popcnt, lzcnt, tsc, tscinvbit, avx, avx2, aes, erms, clmul, bmi1, bmi2, adx, avx512f, avx512dq, avx512cd, avx512bw, avx512vl, sha, fma, vzeroupper, avx512_vpopcntdq, avx512_vpclmulqdq, avx512_vaes, avx512_vnni, clflush, clflushopt, clwb, avx512_vbmi2, avx512_vbmi

Memory: 4k page, system-wide physical 16108M (467M free)
TotalPageFile size 45655M (AvailPageFile size 0M)
current process WorkingSet (physical memory assigned to process): 376M, peak: 383M
current process commit charge ("private bytes"): 412M, peak: 420M

vm_info: OpenJDK 64-Bit Server VM (17.0.6+0-b2043.56-10027231) for windows-amd64 JRE (17.0.6+0-b2043.56-10027231), built on Apr 28 2023 00:43:19 by "androidbuild" with MS VC++ 16.10 / 16.11 (VS2019)

END.
